<?xml version="1.0" encoding="UTF-8"?>
<testng-results ignored="0" total="1" passed="1" failed="0" skipped="0">
  <reporter-output>
  </reporter-output>
  <suite started-at="2023-05-28T13:09:39 ICT" name="SampleTest" finished-at="2023-05-28T13:09:40 ICT" duration-ms="1439">
    <groups>
    </groups>
    <test started-at="2023-05-28T13:09:39 ICT" name="Command line test" finished-at="2023-05-28T13:09:40 ICT" duration-ms="1439">
      <class name="SampleTest">
        <test-method signature="verifyCode()[pri:0, instance:SampleTest@443118b0]" started-at="2023-05-28T13:09:39 ICT" name="verifyCode" finished-at="2023-05-28T13:09:40 ICT" duration-ms="1397" status="PASS">
          <reporter-output>
          </reporter-output>
        </test-method> <!-- verifyCode -->
      </class> <!-- SampleTest -->
    </test> <!-- Command line test -->
  </suite> <!-- SampleTest -->
</testng-results>
